commit fd78f8f97f2396028464f28abb3e1e6556b675ad
Author: Tanner Nelson <tannernelson3@mail.weber.edu>
Date:   Wed Mar 8 06:21:47 2017 +0000

    ignore file

commit 4691c669db2a27fe6e6b940a176d868ed710a82c
Author: Tanner Nelson <tannernelson3@mail.weber.edu>
Date:   Wed Mar 8 06:17:22 2017 +0000

    chivas_Homework6.log

commit 807bd2a14b913a0488ec099c3677636d24e3cbda
Author: Sherry Masutani <sherrymasutani@mail.weber.edu>
Date:   Wed Mar 8 06:12:43 2017 +0000

    fixed compiling issue

commit bdf284cad54d0b8c08a8e1adf248e1f327d68729
Author: Sherry Masutani <sherrymasutani@mail.weber.edu>
Date:   Wed Mar 8 06:09:09 2017 +0000

    formatting

commit 2f98ebae5572c3ab37bf3350b37dd0d90be15b63
Merge: cfd46ad 840a495
Author: Sherry Masutani <sherrymasutani@mail.weber.edu>
Date:   Wed Mar 8 05:56:44 2017 +0000

    Merge branch 'master' of https://github.com/smasutani/chivas_Homework6

commit cfd46ad7ddc3b9c230ff825fd8cfae7c73f5d575
Merge: fe678db 66c259f
Author: Sherry Masutani <sherrymasutani@mail.weber.edu>
Date:   Wed Mar 8 05:51:57 2017 +0000

    Merge branch 'master' of https://github.com/smasutani/chivas_Homework6

commit 840a495db25273352028b3f5ba32bb1e61e41925
Author: Tanner Nelson <tannernelson3@mail.weber.edu>
Date:   Wed Mar 8 05:43:14 2017 +0000

    homework update

commit fe678db933c9dc05a8e92118094f66ee1273f05e
Author: Sherry Masutani <sherrymasutani@mail.weber.edu>
Date:   Wed Mar 8 00:26:38 2017 +0000

    adding changes

commit 66c259fd91c5e0c4c78a1582c5c971423f60bb72
Author: Tanner Nelson <tannernelson3@mail.weber.edu>
Date:   Mon Mar 6 06:43:05 2017 +0000

    main function edit

commit a41dcf6c8a138d9579fd33fe7cc22107a4ea913b
Author: Sherry Masutani <sherrymasutani@mail.weber.edu>
Date:   Thu Mar 2 17:17:21 2017 +0000

    merge file

commit 87b916b6975f13d73bfd17e973bcbe111b0fa87d
Author: Tanner Nelson <tannernelson3@mail.weber.edu>
Date:   Tue Feb 28 17:14:19 2017 +0000

    Add functions

commit c019cc8d20c5bb6a1d4d2ff5f9e14214b341cc6a
Author: Sherry Masutani <sherrymasutani@mail.weber.edu>
Date:   Tue Feb 28 17:05:24 2017 +0000

    adding assignment
